<?xml version="1.0" encoding="UTF-8"?>
<testng-results skipped="0" failed="0" ignored="0" total="3" passed="3">
  <reporter-output>
    <line>
      <![CDATA[Title is matching]]>
    </line>
    <line>
      <![CDATA[Element is present]]>
    </line>
    <line>
      <![CDATA[Element is present]]>
    </line>
    <line>
      <![CDATA[Title is matching]]>
    </line>
    <line>
      <![CDATA[Element is present]]>
    </line>
    <line>
      <![CDATA[Title is matching]]>
    </line>
    <line>
      <![CDATA[Title is matching]]>
    </line>
  </reporter-output>
  <suite name="Suite" duration-ms="20767" started-at="2017-10-23T14:17:28Z" finished-at="2017-10-23T14:17:49Z">
    <groups>
    </groups>
    <test name="Test" duration-ms="20767" started-at="2017-10-23T14:17:28Z" finished-at="2017-10-23T14:17:49Z">
      <class name="Scripts.ValidLoginLogout">
        <test-method status="PASS" signature="openAppln()[pri:0, instance:Scripts.ValidLoginLogout@5c7fa833]" name="openAppln" is-config="true" duration-ms="3836" started-at="2017-10-23T19:47:43Z" finished-at="2017-10-23T19:47:47Z">
          <reporter-output>
          </reporter-output>
        </test-method> <!-- openAppln -->
        <test-method status="PASS" signature="testValidLoginLogout()[pri:0, instance:Scripts.ValidLoginLogout@5c7fa833]" name="testValidLoginLogout" duration-ms="1824" started-at="2017-10-23T19:47:47Z" finished-at="2017-10-23T19:47:48Z">
          <reporter-output>
            <line>
              <![CDATA[Title is matching]]>
            </line>
            <line>
              <![CDATA[Title is matching]]>
            </line>
          </reporter-output>
        </test-method> <!-- testValidLoginLogout -->
        <test-method status="PASS" signature="closeAppln()[pri:0, instance:Scripts.ValidLoginLogout@5c7fa833]" name="closeAppln" is-config="true" duration-ms="646" started-at="2017-10-23T19:47:48Z" finished-at="2017-10-23T19:47:49Z">
          <reporter-output>
          </reporter-output>
        </test-method> <!-- closeAppln -->
      </class> <!-- Scripts.ValidLoginLogout -->
      <class name="Scripts.InvalidLoginLogout">
        <test-method status="PASS" signature="openAppln()[pri:0, instance:Scripts.InvalidLoginLogout@457e2f02]" name="openAppln" is-config="true" duration-ms="4136" started-at="2017-10-23T19:47:37Z" finished-at="2017-10-23T19:47:41Z">
          <reporter-output>
          </reporter-output>
        </test-method> <!-- openAppln -->
        <test-method status="PASS" signature="testInvalidLoginLogout()[pri:0, instance:Scripts.InvalidLoginLogout@457e2f02]" name="testInvalidLoginLogout" duration-ms="1060" started-at="2017-10-23T19:47:41Z" finished-at="2017-10-23T19:47:42Z">
          <reporter-output>
            <line>
              <![CDATA[Element is present]]>
            </line>
          </reporter-output>
        </test-method> <!-- testInvalidLoginLogout -->
        <test-method status="PASS" signature="closeAppln()[pri:0, instance:Scripts.InvalidLoginLogout@457e2f02]" name="closeAppln" is-config="true" duration-ms="268" started-at="2017-10-23T19:47:42Z" finished-at="2017-10-23T19:47:43Z">
          <reporter-output>
          </reporter-output>
        </test-method> <!-- closeAppln -->
      </class> <!-- Scripts.InvalidLoginLogout -->
      <class name="Scripts.VerifyActitimeVersion">
        <test-method status="PASS" signature="openAppln()[pri:0, instance:Scripts.VerifyActitimeVersion@4cc0edeb]" name="openAppln" is-config="true" duration-ms="4709" started-at="2017-10-23T19:47:28Z" finished-at="2017-10-23T19:47:33Z">
          <reporter-output>
          </reporter-output>
        </test-method> <!-- openAppln -->
        <test-method status="PASS" signature="testVerifyActitimeVersion()[pri:0, instance:Scripts.VerifyActitimeVersion@4cc0edeb]" name="testVerifyActitimeVersion" duration-ms="3809" started-at="2017-10-23T19:47:33Z" finished-at="2017-10-23T19:47:37Z">
          <reporter-output>
            <line>
              <![CDATA[Title is matching]]>
            </line>
            <line>
              <![CDATA[Element is present]]>
            </line>
            <line>
              <![CDATA[Element is present]]>
            </line>
            <line>
              <![CDATA[Title is matching]]>
            </line>
          </reporter-output>
        </test-method> <!-- testVerifyActitimeVersion -->
        <test-method status="PASS" signature="closeAppln()[pri:0, instance:Scripts.VerifyActitimeVersion@4cc0edeb]" name="closeAppln" is-config="true" duration-ms="453" started-at="2017-10-23T19:47:37Z" finished-at="2017-10-23T19:47:37Z">
          <reporter-output>
          </reporter-output>
        </test-method> <!-- closeAppln -->
      </class> <!-- Scripts.VerifyActitimeVersion -->
    </test> <!-- Test -->
  </suite> <!-- Suite -->
</testng-results>
