<?xml version="1.0" encoding="UTF-8"?>
<!-- Generated by org.testng.reporters.JUnitXMLReporter -->
<testsuite hostname="Gururaj" ignored="0" name="Test" tests="3" failures="0" timestamp="23 Oct 2017 14:17:49 GMT" time="20.767" errors="0">
  <testcase name="testVerifyActitimeVersion" time="3.809" classname="Scripts.VerifyActitimeVersion"/>
  <testcase name="testInvalidLoginLogout" time="1.06" classname="Scripts.InvalidLoginLogout"/>
  <testcase name="testValidLoginLogout" time="1.824" classname="Scripts.ValidLoginLogout"/>
</testsuite> <!-- Test -->
